<?xml version="1.0" encoding="UTF-8"?>
<!-- Generated by org.testng.reporters.JUnitReportReporter -->
<testsuite skipped="0" hostname="CTLINDT-0953" name="tests.TestNGTest" tests="1" failures="0" timestamp="14 Feb 2017 05:39:56 GMT" time="5.115" errors="0">
  <testcase name="register" time="5.115" classname="tests.TestNGTest"/>
</testsuite> <!-- tests.TestNGTest -->
